{
  "0 debug pnpm:scope": {
    "selected": 1
  },
  "1 info pnpm": {
    "err": {
      "name": "Error",
      "message": "not found: installl",
      "code": "ENOENT",
      "stack": "Error: not found: installl\n    at getNotFoundError (/home/theia/.nvm/versions/node/v14.18.2/pnpm-global/4/node_modules/.pnpm/pnpm@6.29.1/node_modules/pnpm/dist/pnpm.cjs:41576:51)\n    at Function.whichSync [as sync] (/home/theia/.nvm/versions/node/v14.18.2/pnpm-global/4/node_modules/.pnpm/pnpm@6.29.1/node_modules/pnpm/dist/pnpm.cjs:41653:13)\n    at getCommandAbsolutePathSync (/home/theia/.nvm/versions/node/v14.18.2/pnpm-global/4/node_modules/.pnpm/pnpm@6.29.1/node_modules/pnpm/dist/pnpm.cjs:43218:44)\n    at default_1 (/home/theia/.nvm/versions/node/v14.18.2/pnpm-global/4/node_modules/.pnpm/pnpm@6.29.1/node_modules/pnpm/dist/pnpm.cjs:43227:32)\n    at /home/theia/.nvm/versions/node/v14.18.2/pnpm-global/4/node_modules/.pnpm/pnpm@6.29.1/node_modules/pnpm/dist/pnpm.cjs:177995:39"
    }
  },
  "2 error pnpm": {
    "code": "ERR_PNPM_RECURSIVE_EXEC_FIRST_FAIL",
    "prefix": "/home/workspace/reactjs/coding-practices/nxtTrendzSpecificProductDetails",
    "err": {
      "name": "pnpm",
      "message": "not found: installl",
      "code": "ERR_PNPM_RECURSIVE_EXEC_FIRST_FAIL",
      "stack": "Error: not found: installl\n    at getNotFoundError (/home/theia/.nvm/versions/node/v14.18.2/pnpm-global/4/node_modules/.pnpm/pnpm@6.29.1/node_modules/pnpm/dist/pnpm.cjs:41576:51)\n    at Function.whichSync [as sync] (/home/theia/.nvm/versions/node/v14.18.2/pnpm-global/4/node_modules/.pnpm/pnpm@6.29.1/node_modules/pnpm/dist/pnpm.cjs:41653:13)\n    at getCommandAbsolutePathSync (/home/theia/.nvm/versions/node/v14.18.2/pnpm-global/4/node_modules/.pnpm/pnpm@6.29.1/node_modules/pnpm/dist/pnpm.cjs:43218:44)\n    at default_1 (/home/theia/.nvm/versions/node/v14.18.2/pnpm-global/4/node_modules/.pnpm/pnpm@6.29.1/node_modules/pnpm/dist/pnpm.cjs:43227:32)\n    at /home/theia/.nvm/versions/node/v14.18.2/pnpm-global/4/node_modules/.pnpm/pnpm@6.29.1/node_modules/pnpm/dist/pnpm.cjs:177995:39"
    }
  }
}